0 info it worked if it ends with ok
1 verbose cli [ '/usr/local/Cellar/node/6.2.1/bin/node',
1 verbose cli   '/usr/local/bin/npm',
1 verbose cli   'run',
1 verbose cli   'gulp:watch' ]
2 info using npm@2.11.3
3 info using node@v6.2.1
4 verbose run-script [ 'pregulp:watch', 'gulp:watch', 'postgulp:watch' ]
5 info pregulp:watch ice-demos@3.6.3
6 info gulp:watch ice-demos@3.6.3
7 verbose unsafe-perm in lifecycle true
8 info ice-demos@3.6.3 Failed to exec gulp:watch script
9 verbose stack Error: ice-demos@3.6.3 gulp:watch: `gulp watch`
9 verbose stack Exit status 1
9 verbose stack     at EventEmitter.<anonymous> (/usr/local/lib/node_modules/npm/lib/utils/lifecycle.js:213:16)
9 verbose stack     at emitTwo (events.js:106:13)
9 verbose stack     at EventEmitter.emit (events.js:191:7)
9 verbose stack     at ChildProcess.<anonymous> (/usr/local/lib/node_modules/npm/lib/utils/spawn.js:24:14)
9 verbose stack     at emitTwo (events.js:106:13)
9 verbose stack     at ChildProcess.emit (events.js:191:7)
9 verbose stack     at maybeClose (internal/child_process.js:852:16)
9 verbose stack     at Process.ChildProcess._handle.onexit (internal/child_process.js:215:5)
10 verbose pkgid ice-demos@3.6.3
11 verbose cwd /Users/liguangming/gm_code/chinatopcom-web/patrol/source/ice/js
12 error Darwin 16.6.0
13 error argv "/usr/local/Cellar/node/6.2.1/bin/node" "/usr/local/bin/npm" "run" "gulp:watch"
14 error node v6.2.1
15 error npm  v2.11.3
16 error code ELIFECYCLE
17 error ice-demos@3.6.3 gulp:watch: `gulp watch`
17 error Exit status 1
18 error Failed at the ice-demos@3.6.3 gulp:watch script 'gulp watch'.
18 error This is most likely a problem with the ice-demos package,
18 error not with npm itself.
18 error Tell the author that this fails on your system:
18 error     gulp watch
18 error You can get their info via:
18 error     npm owner ls ice-demos
18 error There is likely additional logging output above.
19 verbose exit [ 1, true ]
